time="2026-06-10T18:19:04+02:00" level=warning msg="/tmp/d4-fresh-clone-test/hermes-odoo-adapter/docker/docker-compose.demo.yml: the attribute `version` is obsolete, it will be ignored, please remove it to avoid potential confusion"
Traceback (most recent call last):
  File "/opt/ros/humble/bin/ros2", line 33, in <module>
    sys.exit(load_entry_point('ros2cli==0.18.12', 'console_scripts', 'ros2')())
  File "/opt/ros/humble/lib/python3.10/site-packages/ros2cli/cli.py", line 91, in main
    rc = extension.main(parser=parser, args=args)
  File "/opt/ros/humble/lib/python3.10/site-packages/ros2topic/command/topic.py", line 41, in main
    return extension.main(args=args)
  File "/opt/ros/humble/lib/python3.10/site-packages/ros2topic/verb/list.py", line 56, in main
    topic_names_and_types = get_topic_names_and_types(
  File "/opt/ros/humble/lib/python3.10/site-packages/ros2topic/api/__init__.py", line 41, in get_topic_names_and_types
    topic_names_and_types = node.get_topic_names_and_types()
  File "/usr/lib/python3.10/xmlrpc/client.py", line 1122, in __call__
    return self.__send(self.__name, args)
  File "/usr/lib/python3.10/xmlrpc/client.py", line 1464, in __request
    response = self.__transport.request(
  File "/usr/lib/python3.10/xmlrpc/client.py", line 1166, in request
    return self.single_request(host, handler, request_body, verbose)
  File "/usr/lib/python3.10/xmlrpc/client.py", line 1182, in single_request
    return self.parse_response(resp)
  File "/usr/lib/python3.10/xmlrpc/client.py", line 1354, in parse_response
